<?xml version="1.0" encoding="UTF-8"?>
<testsuite name="Index" tests="3" skipped="0" failures="0" errors="0" timestamp="2023-01-01T17:26:45" hostname="DESKTOP-46KRLH8" time="1.839">
  <properties/>
  <testcase name="formTests" classname="Index" time="0.139"/>
  <testcase name="itemsTest" classname="Index" time="0.136"/>
  <testcase name="tableTest" classname="Index" time="0.037"/>
  <system-out><![CDATA[Poland Chine Mexico
]]></system-out>
  <system-err><![CDATA[Starting ChromeDriver 108.0.5359.71 (1e0e3868ee06e91ad636a874420e3ca3ae3756ac-refs/branch-heads/5359@{#1016}) on port 35080
Only local connections are allowed.
Please see https://chromedriver.chromium.org/security-considerations for suggestions on keeping ChromeDriver safe.
ChromeDriver was started successfully.
Starting ChromeDriver 108.0.5359.71 (1e0e3868ee06e91ad636a874420e3ca3ae3756ac-refs/branch-heads/5359@{#1016}) on port 31688
Only local connections are allowed.
Please see https://chromedriver.chromium.org/security-considerations for suggestions on keeping ChromeDriver safe.
ChromeDriver was started successfully.
Starting ChromeDriver 108.0.5359.71 (1e0e3868ee06e91ad636a874420e3ca3ae3756ac-refs/branch-heads/5359@{#1016}) on port 41371
Only local connections are allowed.
Please see https://chromedriver.chromium.org/security-considerations for suggestions on keeping ChromeDriver safe.
ChromeDriver was started successfully.
]]></system-err>
</testsuite>
